Unshuffled Cards list: 


Description: 350r
 > Size: 1
 > Speed: 9
 > Range: 2
 > Firepower: 3
 > Cargo: 0


Description: Avenger
 > Size: 2
 > Speed: 5
 > Range: 4
 > Firepower: 3
 > Cargo: 2


Description: Carrack
 > Size: 6
 > Speed: 2
 > Range: 10
 > Firepower: 4
 > Cargo: 6


Description: Constellation
 > Size: 4
 > Speed: 5
 > Range: 7
 > Firepower: 3
 > Cargo: 4


Description: Hawk
 > Size: 1
 > Speed: 3
 > Range: 2
 > Firepower: 4
 > Cargo: 0


Description: Hornet
 > Size: 2
 > Speed: 5
 > Range: 3
 > Firepower: 4
 > Cargo: 1


Description: Hurricane
 > Size: 2
 > Speed: 5
 > Range: 3
 > Firepower: 5
 > Cargo: 0


Description: Idris
 > Size: 8
 > Speed: 2
 > Range: 7
 > Firepower: 10
 > Cargo: 6


Description: m50
 > Size: 1
 > Speed: 10
 > Range: 2
 > Firepower: 2
 > Cargo: 0


Description: Merchantman
 > Size: 7
 > Speed: 3
 > Range: 5
 > Firepower: 6
 > Cargo: 8


Description: Orion
 > Size: 10
 > Speed: 1
 > Range: 6
 > Firepower: 2
 > Cargo: 9


Description: Sabre
 > Size: 2
 > Speed: 7
 > Range: 2
 > Firepower: 5
 > Cargo: 0


Description: Vanguard
 > Size: 3
 > Speed: 4
 > Range: 5
 > Firepower: 5
 > Cargo: 2


Description: 350s
 > Size: 2
 > Speed: 9
 > Range: 3
 > Firepower: 4
 > Cargo: 1


Description: AvengerStone
 > Size: 3
 > Speed: 6
 > Range: 5
 > Firepower: 4
 > Cargo: 3


Description: CarrackFire
 > Size: 7
 > Speed: 3
 > Range: 10
 > Firepower: 5
 > Cargo: 6


Description: ConstellationRing
 > Size: 5
 > Speed: 6
 > Range: 8
 > Firepower: 3
 > Cargo: 5


Description: HawkClaw
 > Size: 2
 > Speed: 4
 > Range: 3
 > Firepower: 5
 > Cargo: 1


Description: HornetFury
 > Size: 3
 > Speed: 6
 > Range: 4
 > Firepower: 5
 > Cargo: 2


Description: HurricaneTrail
 > Size: 3
 > Speed: 6
 > Range: 4
 > Firepower: 6
 > Cargo: 2


Description: IdrisKudo
 > Size: 8
 > Speed: 4
 > Range: 8
 > Firepower: 10
 > Cargo: 7


Description: m69
 > Size: 4
 > Speed: 10
 > Range: 3
 > Firepower: 5
 > Cargo: 2


Description: MerchantmanOman
 > Size: 8
 > Speed: 4
 > Range: 6
 > Firepower: 7
 > Cargo: 8


Description: OrionSpiron
 > Size: 10
 > Speed: 4
 > Range: 6
 > Firepower: 3
 > Cargo: 9


Description: SabreTazer
 > Size: 4
 > Speed: 7
 > Range: 4
 > Firepower: 5
 > Cargo: 2


Description: VanguardLamp
 > Size: 5
 > Speed: 5
 > Range: 5
 > Firepower: 5
 > Cargo: 5


Description: 350t
 > Size: 3
 > Speed: 10
 > Range: 4
 > Firepower: 5
 > Cargo: 3


Description: AvengerInfinity
 > Size: 5
 > Speed: 5
 > Range: 3
 > Firepower: 4
 > Cargo: 4


Description: CarrackBall
 > Size: 6
 > Speed: 4
 > Range: 10
 > Firepower: 7
 > Cargo: 8


Description: ConstellationWhirl
 > Size: 6
 > Speed: 6
 > Range: 7
 > Firepower: 5
 > Cargo: 8


Description: HawkEye
 > Size: 4
 > Speed: 5
 > Range: 4
 > Firepower: 5
 > Cargo: 2


Description: HornetNest
 > Size: 4
 > Speed: 7
 > Range: 5
 > Firepower: 6
 > Cargo: 2


Description: HurricaneFlame
 > Size: 4
 > Speed: 7
 > Range: 5
 > Firepower: 6
 > Cargo: 3


Description: IdrisMight
 > Size: 10
 > Speed: 4
 > Range: 7
 > Firepower: 10
 > Cargo: 6


Description: m99
 > Size: 4
 > Speed: 10
 > Range: 4
 > Firepower: 5
 > Cargo: 2


Description: MerchantmanWoman
 > Size: 7
 > Speed: 5
 > Range: 5
 > Firepower: 7
 > Cargo: 10


Description: OrionBlaze
 > Size: 10
 > Speed: 5
 > Range: 8
 > Firepower: 5
 > Cargo: 9


Description: SabreTooth
 > Size: 4
 > Speed: 9
 > Range: 6
 > Firepower: 7
 > Cargo: 2


Description: VanguardSteel
 > Size: 5
 > Speed: 8
 > Range: 7
 > Firepower: 8
 > Cargo: 5


Description: DeathStar
 > Size: 10
 > Speed: 10
 > Range: 10
 > Firepower: 10
 > Cargo: 10


 --------------------
-----------------------------------------

Shuffled Cards list

Description: OrionSpiron
 > Size: 10
 > Speed: 4
 > Range: 6
 > Firepower: 3
 > Cargo: 9


Description: OrionBlaze
 > Size: 10
 > Speed: 5
 > Range: 8
 > Firepower: 5
 > Cargo: 9


Description: m50
 > Size: 1
 > Speed: 10
 > Range: 2
 > Firepower: 2
 > Cargo: 0


Description: DeathStar
 > Size: 10
 > Speed: 10
 > Range: 10
 > Firepower: 10
 > Cargo: 10


Description: 350r
 > Size: 1
 > Speed: 9
 > Range: 2
 > Firepower: 3
 > Cargo: 0


Description: SabreTooth
 > Size: 4
 > Speed: 9
 > Range: 6
 > Firepower: 7
 > Cargo: 2


Description: Orion
 > Size: 10
 > Speed: 1
 > Range: 6
 > Firepower: 2
 > Cargo: 9


Description: VanguardLamp
 > Size: 5
 > Speed: 5
 > Range: 5
 > Firepower: 5
 > Cargo: 5


Description: Hornet
 > Size: 2
 > Speed: 5
 > Range: 3
 > Firepower: 4
 > Cargo: 1


Description: Avenger
 > Size: 2
 > Speed: 5
 > Range: 4
 > Firepower: 3
 > Cargo: 2


Description: 350t
 > Size: 3
 > Speed: 10
 > Range: 4
 > Firepower: 5
 > Cargo: 3


Description: AvengerInfinity
 > Size: 5
 > Speed: 5
 > Range: 3
 > Firepower: 4
 > Cargo: 4


Description: CarrackBall
 > Size: 6
 > Speed: 4
 > Range: 10
 > Firepower: 7
 > Cargo: 8


Description: HornetNest
 > Size: 4
 > Speed: 7
 > Range: 5
 > Firepower: 6
 > Cargo: 2


Description: m69
 > Size: 4
 > Speed: 10
 > Range: 3
 > Firepower: 5
 > Cargo: 2


Description: Vanguard
 > Size: 3
 > Speed: 4
 > Range: 5
 > Firepower: 5
 > Cargo: 2


Description: Merchantman
 > Size: 7
 > Speed: 3
 > Range: 5
 > Firepower: 6
 > Cargo: 8


Description: IdrisKudo
 > Size: 8
 > Speed: 4
 > Range: 8
 > Firepower: 10
 > Cargo: 7


Description: HornetFury
 > Size: 3
 > Speed: 6
 > Range: 4
 > Firepower: 5
 > Cargo: 2


Description: Hurricane
 > Size: 2
 > Speed: 5
 > Range: 3
 > Firepower: 5
 > Cargo: 0


Description: HawkClaw
 > Size: 2
 > Speed: 4
 > Range: 3
 > Firepower: 5
 > Cargo: 1


Description: Idris
 > Size: 8
 > Speed: 2
 > Range: 7
 > Firepower: 10
 > Cargo: 6


Description: CarrackFire
 > Size: 7
 > Speed: 3
 > Range: 10
 > Firepower: 5
 > Cargo: 6


Description: ConstellationRing
 > Size: 5
 > Speed: 6
 > Range: 8
 > Firepower: 3
 > Cargo: 5


Description: Carrack
 > Size: 6
 > Speed: 2
 > Range: 10
 > Firepower: 4
 > Cargo: 6


Description: HawkEye
 > Size: 4
 > Speed: 5
 > Range: 4
 > Firepower: 5
 > Cargo: 2


Description: SabreTazer
 > Size: 4
 > Speed: 7
 > Range: 4
 > Firepower: 5
 > Cargo: 2


Description: HurricaneFlame
 > Size: 4
 > Speed: 7
 > Range: 5
 > Firepower: 6
 > Cargo: 3


Description: Sabre
 > Size: 2
 > Speed: 7
 > Range: 2
 > Firepower: 5
 > Cargo: 0


Description: MerchantmanWoman
 > Size: 7
 > Speed: 5
 > Range: 5
 > Firepower: 7
 > Cargo: 10


Description: m99
 > Size: 4
 > Speed: 10
 > Range: 4
 > Firepower: 5
 > Cargo: 2


Description: 350s
 > Size: 2
 > Speed: 9
 > Range: 3
 > Firepower: 4
 > Cargo: 1


Description: ConstellationWhirl
 > Size: 6
 > Speed: 6
 > Range: 7
 > Firepower: 5
 > Cargo: 8


Description: AvengerStone
 > Size: 3
 > Speed: 6
 > Range: 5
 > Firepower: 4
 > Cargo: 3


Description: Constellation
 > Size: 4
 > Speed: 5
 > Range: 7
 > Firepower: 3
 > Cargo: 4


Description: IdrisMight
 > Size: 10
 > Speed: 4
 > Range: 7
 > Firepower: 10
 > Cargo: 6


Description: Hawk
 > Size: 1
 > Speed: 3
 > Range: 2
 > Firepower: 4
 > Cargo: 0


Description: MerchantmanOman
 > Size: 8
 > Speed: 4
 > Range: 6
 > Firepower: 7
 > Cargo: 8


Description: HurricaneTrail
 > Size: 3
 > Speed: 6
 > Range: 4
 > Firepower: 6
 > Cargo: 2


Description: VanguardSteel
 > Size: 5
 > Speed: 8
 > Range: 7
 > Firepower: 8
 > Cargo: 5

 Player Deck------------------------------------------

Description: HurricaneTrail
 > Size: 3
 > Speed: 6
 > Range: 4
 > Firepower: 6
 > Cargo: 2


Description: Hawk
 > Size: 1
 > Speed: 3
 > Range: 2
 > Firepower: 4
 > Cargo: 0


Description: Constellation
 > Size: 4
 > Speed: 5
 > Range: 7
 > Firepower: 3
 > Cargo: 4


Description: ConstellationWhirl
 > Size: 6
 > Speed: 6
 > Range: 7
 > Firepower: 5
 > Cargo: 8


Description: m99
 > Size: 4
 > Speed: 10
 > Range: 4
 > Firepower: 5
 > Cargo: 2


Description: Sabre
 > Size: 2
 > Speed: 7
 > Range: 2
 > Firepower: 5
 > Cargo: 0


Description: SabreTazer
 > Size: 4
 > Speed: 7
 > Range: 4
 > Firepower: 5
 > Cargo: 2


Description: Carrack
 > Size: 6
 > Speed: 2
 > Range: 10
 > Firepower: 4
 > Cargo: 6


Description: CarrackFire
 > Size: 7
 > Speed: 3
 > Range: 10
 > Firepower: 5
 > Cargo: 6


Description: HawkClaw
 > Size: 2
 > Speed: 4
 > Range: 3
 > Firepower: 5
 > Cargo: 1


Description: HornetFury
 > Size: 3
 > Speed: 6
 > Range: 4
 > Firepower: 5
 > Cargo: 2


Description: Merchantman
 > Size: 7
 > Speed: 3
 > Range: 5
 > Firepower: 6
 > Cargo: 8


Description: m69
 > Size: 4
 > Speed: 10
 > Range: 3
 > Firepower: 5
 > Cargo: 2


Description: CarrackBall
 > Size: 6
 > Speed: 4
 > Range: 10
 > Firepower: 7
 > Cargo: 8


Description: 350t
 > Size: 3
 > Speed: 10
 > Range: 4
 > Firepower: 5
 > Cargo: 3


Description: Hornet
 > Size: 2
 > Speed: 5
 > Range: 3
 > Firepower: 4
 > Cargo: 1


Description: Orion
 > Size: 10
 > Speed: 1
 > Range: 6
 > Firepower: 2
 > Cargo: 9


Description: 350r
 > Size: 1
 > Speed: 9
 > Range: 2
 > Firepower: 3
 > Cargo: 0


Description: m50
 > Size: 1
 > Speed: 10
 > Range: 2
 > Firepower: 2
 > Cargo: 0


Description: OrionSpiron
 > Size: 10
 > Speed: 4
 > Range: 6
 > Firepower: 3
 > Cargo: 9


 cpu1Deck------------------------------------------

Description: VanguardSteel
 > Size: 5
 > Speed: 8
 > Range: 7
 > Firepower: 8
 > Cargo: 5


Description: MerchantmanOman
 > Size: 8
 > Speed: 4
 > Range: 6
 > Firepower: 7
 > Cargo: 8


Description: IdrisMight
 > Size: 10
 > Speed: 4
 > Range: 7
 > Firepower: 10
 > Cargo: 6


Description: AvengerStone
 > Size: 3
 > Speed: 6
 > Range: 5
 > Firepower: 4
 > Cargo: 3


Description: 350s
 > Size: 2
 > Speed: 9
 > Range: 3
 > Firepower: 4
 > Cargo: 1


Description: MerchantmanWoman
 > Size: 7
 > Speed: 5
 > Range: 5
 > Firepower: 7
 > Cargo: 10


Description: HurricaneFlame
 > Size: 4
 > Speed: 7
 > Range: 5
 > Firepower: 6
 > Cargo: 3


Description: HawkEye
 > Size: 4
 > Speed: 5
 > Range: 4
 > Firepower: 5
 > Cargo: 2


Description: ConstellationRing
 > Size: 5
 > Speed: 6
 > Range: 8
 > Firepower: 3
 > Cargo: 5


Description: Idris
 > Size: 8
 > Speed: 2
 > Range: 7
 > Firepower: 10
 > Cargo: 6


Description: Hurricane
 > Size: 2
 > Speed: 5
 > Range: 3
 > Firepower: 5
 > Cargo: 0


Description: IdrisKudo
 > Size: 8
 > Speed: 4
 > Range: 8
 > Firepower: 10
 > Cargo: 7


Description: Vanguard
 > Size: 3
 > Speed: 4
 > Range: 5
 > Firepower: 5
 > Cargo: 2


Description: HornetNest
 > Size: 4
 > Speed: 7
 > Range: 5
 > Firepower: 6
 > Cargo: 2


Description: AvengerInfinity
 > Size: 5
 > Speed: 5
 > Range: 3
 > Firepower: 4
 > Cargo: 4


Description: Avenger
 > Size: 2
 > Speed: 5
 > Range: 4
 > Firepower: 3
 > Cargo: 2


Description: VanguardLamp
 > Size: 5
 > Speed: 5
 > Range: 5
 > Firepower: 5
 > Cargo: 5


Description: SabreTooth
 > Size: 4
 > Speed: 9
 > Range: 6
 > Firepower: 7
 > Cargo: 2


Description: DeathStar
 > Size: 10
 > Speed: 10
 > Range: 10
 > Firepower: 10
 > Cargo: 10


Description: OrionBlaze
 > Size: 10
 > Speed: 5
 > Range: 8
 > Firepower: 5
 > Cargo: 9


 cpu2Deck------------------------------------------

 cpu3Deck------------------------------------------

 cpu4Deck------------------------------------------


----------------------
Current Hands

Description: VanguardSteel
 > Size: 5
 > Speed: 8
 > Range: 7
 > Firepower: 8
 > Cargo: 5


Description: HurricaneTrail
 > Size: 3
 > Speed: 6
 > Range: 4
 > Firepower: 6
 > Cargo: 2


----------------------
-------------------------
The selected stat was stat number1
8
6

----------------------
Current Hands

Description: MerchantmanOman
 > Size: 8
 > Speed: 4
 > Range: 6
 > Firepower: 7
 > Cargo: 8


Description: Hawk
 > Size: 1
 > Speed: 3
 > Range: 2
 > Firepower: 4
 > Cargo: 0


----------------------
-------------------------
The selected stat was stat number0
8
1

----------------------
Current Hands

Description: IdrisMight
 > Size: 10
 > Speed: 4
 > Range: 7
 > Firepower: 10
 > Cargo: 6


Description: Constellation
 > Size: 4
 > Speed: 5
 > Range: 7
 > Firepower: 3
 > Cargo: 4


----------------------
-------------------------
The selected stat was stat number0
10
4

----------------------
Current Hands

Description: AvengerStone
 > Size: 3
 > Speed: 6
 > Range: 5
 > Firepower: 4
 > Cargo: 3


Description: ConstellationWhirl
 > Size: 6
 > Speed: 6
 > Range: 7
 > Firepower: 5
 > Cargo: 8


----------------------
-------------------------
The selected stat was stat number1
6
6
-------------------------------
-----------------------------
Common Pile Contents

Description: AvengerStone
 > Size: 3
 > Speed: 6
 > Range: 5
 > Firepower: 4
 > Cargo: 3


Description: ConstellationWhirl
 > Size: 6
 > Speed: 6
 > Range: 7
 > Firepower: 5
 > Cargo: 8

--------------------
--------------------

----------------------
Current Hands

Description: 350s
 > Size: 2
 > Speed: 9
 > Range: 3
 > Firepower: 4
 > Cargo: 1


Description: m99
 > Size: 4
 > Speed: 10
 > Range: 4
 > Firepower: 5
 > Cargo: 2


----------------------

the stat selection value of the active player  = 10
-------------------------
The selected stat was stat number1
9
10

----------------------
Current Hands

Description: Sabre
 > Size: 2
 > Speed: 7
 > Range: 2
 > Firepower: 5
 > Cargo: 0


Description: MerchantmanWoman
 > Size: 7
 > Speed: 5
 > Range: 5
 > Firepower: 7
 > Cargo: 10


----------------------
-------------------------
The selected stat was stat number1
7
5
